<?xml version="1.0" encoding="UTF-8"?>
<testsuites name="jest tests" tests="1" failures="0" errors="0" time="21.966">
  <testsuite name="AppComponent" errors="0" failures="0" skipped="0" timestamp="2025-03-20T22:31:28" time="20.317" tests="1">
    <testcase classname="AppComponent should create the app" name="AppComponent should create the app" time="0.037">
    </testcase>
  </testsuite>
</testsuites>